<?xml version="1.0" encoding="UTF-8"?>
<!-- Generated by org.testng.reporters.JUnitReportReporter -->
<testsuite skipped="0" hostname="yogesh-H81M-S" name="com.edwiser.EdwiserBridge.LinkUnlinkUser" tests="4" failures="0" timestamp="10 Apr 2018 06:55:30 GMT" time="25.496" errors="0">
  <testcase name="linkUserFromBulkAction" time="11.742" classname="com.edwiser.EdwiserBridge.LinkUnlinkUser"/>
  <testcase name="unlinkUserFromBulkAction" time="1.745" classname="com.edwiser.EdwiserBridge.LinkUnlinkUser"/>
  <testcase name="linkUserFromLinkUnlinkLink" time="9.606" classname="com.edwiser.EdwiserBridge.LinkUnlinkUser"/>
  <testcase name="unlinkUserFromLinkUnlinkLink" time="2.403" classname="com.edwiser.EdwiserBridge.LinkUnlinkUser"/>
</testsuite> <!-- com.edwiser.EdwiserBridge.LinkUnlinkUser -->
