<?xml version="1.0" encoding="UTF-8"?>
<!-- Generated by org.testng.reporters.JUnitReportReporter -->
<testsuite skipped="0" hostname="yogesh-H81M-S" name="com.edwiser.EdwiserBridge.SynchronizationSettings" tests="5" failures="0" timestamp="10 Apr 2018 06:55:30 GMT" time="43.933" errors="0">
  <testcase name="syncWithOutConnection" time="15.302" classname="com.edwiser.EdwiserBridge.SynchronizationSettings"/>
  <testcase name="syncCourseAsDraft" time="7.716" classname="com.edwiser.EdwiserBridge.SynchronizationSettings"/>
  <testcase name="syncCourseAsPublish" time="8.987" classname="com.edwiser.EdwiserBridge.SynchronizationSettings"/>
  <testcase name="syncCourseCategories" time="4.828" classname="com.edwiser.EdwiserBridge.SynchronizationSettings"/>
  <testcase name="syncUpdateCourses" time="7.100" classname="com.edwiser.EdwiserBridge.SynchronizationSettings"/>
</testsuite> <!-- com.edwiser.EdwiserBridge.SynchronizationSettings -->
