<?xml version="1.0" encoding="UTF-8"?>
<!-- Generated by org.testng.reporters.JUnitReportReporter -->
<testsuite skipped="0" hostname="yogesh-H81M-S" name="com.edwiser.EdwiserBridge.UserEditPageCourseEnrollment" tests="2" failures="0" timestamp="10 Apr 2018 06:55:30 GMT" time="44.924" errors="0">
  <testcase name="EnrollUserFromUsrEditPage" time="28.705" classname="com.edwiser.EdwiserBridge.UserEditPageCourseEnrollment"/>
  <testcase name="unenrollUserFromUsrEditPage" time="16.219" classname="com.edwiser.EdwiserBridge.UserEditPageCourseEnrollment"/>
</testsuite> <!-- com.edwiser.EdwiserBridge.UserEditPageCourseEnrollment -->
