<?xml version="1.0" encoding="UTF-8"?>
<!-- Generated by org.testng.reporters.JUnitReportReporter -->
<testsuite skipped="0" hostname="yogesh-H81M-S" name="com.edwiser.EdwiserBridge.CourseTypeSettings" tests="3" failures="0" timestamp="10 Apr 2018 06:55:30 GMT" time="14.664" errors="0">
  <testcase name="makeCoursePaidAndAddPrice" time="5.656" classname="com.edwiser.EdwiserBridge.CourseTypeSettings"/>
  <testcase name="makeCourseClosedAndRedirectionURL" time="3.178" classname="com.edwiser.EdwiserBridge.CourseTypeSettings"/>
  <testcase name="setCourseExpireAccessDays" time="5.830" classname="com.edwiser.EdwiserBridge.CourseTypeSettings"/>
</testsuite> <!-- com.edwiser.EdwiserBridge.CourseTypeSettings -->
